  ActionShootingGame.cpp
  BanBulletKin.cpp
  BasicBullet.cpp
  BossState.cpp
C:\Users\GimGimGim\Desktop\Git\ActionShootingGame\ActionShootingGame\BossState.cpp(119,33): warning C4100: 'obj': 참조되지 않은 정식 매개 변수입니다.
C:\Users\GimGimGim\Desktop\Git\ActionShootingGame\ActionShootingGame\BossState.cpp(150,37): warning C4100: 'obj': 참조되지 않은 정식 매개 변수입니다.
C:\Users\GimGimGim\Desktop\Git\ActionShootingGame\ActionShootingGame\BossState.cpp(182,37): warning C4100: 'obj': 참조되지 않은 정식 매개 변수입니다.
C:\Users\GimGimGim\Desktop\Git\ActionShootingGame\ActionShootingGame\BossState.cpp(214,37): warning C4100: 'obj': 참조되지 않은 정식 매개 변수입니다.
C:\Users\GimGimGim\Desktop\Git\ActionShootingGame\ActionShootingGame\BossState.cpp(251,32): warning C4100: 'obj': 참조되지 않은 정식 매개 변수입니다.
  BossUI.cpp
  BulletKim.cpp
  CBoss.cpp
  CBullet.cpp
C:\Users\GimGimGim\Desktop\Git\ActionShootingGame\ActionShootingGame\CBullet.cpp(18,8): warning C4244: '초기화 중': 'FLOAT'에서 'int'(으)로 변환하면서 데이터가 손실될 수 있습니다.
C:\Users\GimGimGim\Desktop\Git\ActionShootingGame\ActionShootingGame\CBullet.cpp(19,8): warning C4244: '초기화 중': 'FLOAT'에서 'int'(으)로 변환하면서 데이터가 손실될 수 있습니다.
  CEffect.cpp
  CEnemy.cpp
C:\Users\GimGimGim\Desktop\Git\ActionShootingGame\ActionShootingGame\CEnemy.cpp(105,34): warning C4244: '인수': 'int'에서 'float'(으)로 변환하면서 데이터가 손실될 수 있습니다.
C:\Users\GimGimGim\Desktop\Git\ActionShootingGame\ActionShootingGame\CEnemy.cpp(147,17): warning C4244: '초기화 중': 'int'에서 'float'(으)로 변환하면서 데이터가 손실될 수 있습니다.
  CGun.cpp
C:\Users\GimGimGim\Desktop\Git\ActionShootingGame\ActionShootingGame\CGun.cpp(13,25): warning C4100: 'deltaTime': 참조되지 않은 정식 매개 변수입니다.
C:\Users\GimGimGim\Desktop\Git\ActionShootingGame\ActionShootingGame\CGun.cpp(23,24): warning C4458: 'angle' 선언은 클래스 멤버를 숨깁니다.
C:\Users\GimGimGim\Desktop\Git\ActionShootingGame\ActionShootingGame\CGun.h(15,27): message : 'CGun::angle' 선언을 참조하십시오.
C:\Users\GimGimGim\Desktop\Git\ActionShootingGame\ActionShootingGame\CGun.cpp(23,37): warning C4100: 'damage': 참조되지 않은 정식 매개 변수입니다.
  Camera.cpp
C:\Users\GimGimGim\Desktop\Git\ActionShootingGame\ActionShootingGame\Camera.cpp(11,100): warning C4244: '인수': 'int'에서 'FLOAT'(으)로 변환하면서 데이터가 손실될 수 있습니다.
C:\Users\GimGimGim\Desktop\Git\ActionShootingGame\ActionShootingGame\Camera.cpp(11,62): warning C4244: '인수': 'int'에서 'FLOAT'(으)로 변환하면서 데이터가 손실될 수 있습니다.
C:\Users\GimGimGim\Desktop\Git\ActionShootingGame\ActionShootingGame\Camera.cpp(15,27): warning C4100: 'deltaTime': 참조되지 않은 정식 매개 변수입니다.
  Card.cpp
C:\Users\GimGimGim\Desktop\Git\ActionShootingGame\ActionShootingGame\Card.cpp(19,25): warning C4100: 'deltaTime': 참조되지 않은 정식 매개 변수입니다.
  Collider.cpp
  ColorShader.cpp
  Elevator.cpp
  EnemyManager.cpp
  EnemyState.cpp
C:\Users\GimGimGim\Desktop\Git\ActionShootingGame\ActionShootingGame\EnemyState.cpp(29,35): warning C4100: 'obj': 참조되지 않은 정식 매개 변수입니다.
C:\Users\GimGimGim\Desktop\Git\ActionShootingGame\ActionShootingGame\EnemyState.cpp(62,35): warning C4100: 'obj': 참조되지 않은 정식 매개 변수입니다.
C:\Users\GimGimGim\Desktop\Git\ActionShootingGame\ActionShootingGame\EnemyState.cpp(81,47): warning C4100: 'deltaTime': 참조되지 않은 정식 매개 변수입니다.
C:\Users\GimGimGim\Desktop\Git\ActionShootingGame\ActionShootingGame\EnemyState.cpp(96,34): warning C4100: 'obj': 참조되지 않은 정식 매개 변수입니다.
C:\Users\GimGimGim\Desktop\Git\ActionShootingGame\ActionShootingGame\EnemyState.cpp(126,34): warning C4100: 'obj': 참조되지 않은 정식 매개 변수입니다.
  Fade.cpp
  FileManager.cpp
C:\Users\GimGimGim\Desktop\Git\ActionShootingGame\ActionShootingGame\FileManager.cpp(16,12): warning C4244: '초기화 중': 'std::streamoff'에서 'int'(으)로 변환하면서 데이터가 손실될 수 있습니다.
  컴파일하고 있습니다...
  Font.cpp
C:\Users\GimGimGim\Desktop\Git\ActionShootingGame\ActionShootingGame\Font.cpp(24,25): warning C4100: 'deltaTime': 참조되지 않은 정식 매개 변수입니다.
  Game.cpp
C:\Users\GimGimGim\Desktop\Git\ActionShootingGame\ActionShootingGame\Game.cpp(73,12): warning C4244: '인수': 'time_t'에서 'unsigned int'(으)로 변환하면서 데이터가 손실될 수 있습니다.
C:\Users\GimGimGim\Desktop\Git\ActionShootingGame\ActionShootingGame\Game.cpp(129,32): warning C4458: 'nextScene' 선언은 클래스 멤버를 숨깁니다.
C:\Users\GimGimGim\Desktop\Git\ActionShootingGame\ActionShootingGame\Game.h(29,9): message : 'Game::nextScene' 선언을 참조하십시오.
C:\Users\GimGimGim\Desktop\Git\ActionShootingGame\ActionShootingGame\Game.cpp(145,51): warning C4244: '인수': 'int'에서 'FLOAT'(으)로 변환하면서 데이터가 손실될 수 있습니다.
C:\Users\GimGimGim\Desktop\Git\ActionShootingGame\ActionShootingGame\Game.cpp(145,33): warning C4244: '인수': 'int'에서 'FLOAT'(으)로 변환하면서 데이터가 손실될 수 있습니다.
  GameScene.cpp
C:\Users\GimGimGim\Desktop\Git\ActionShootingGame\ActionShootingGame\GameScene.cpp(11,12): warning C4244: '인수': 'time_t'에서 'unsigned int'(으)로 변환하면서 데이터가 손실될 수 있습니다.
  GameScene2.cpp
C:\Users\GimGimGim\Desktop\Git\ActionShootingGame\ActionShootingGame\GameScene2.cpp(8,12): warning C4244: '인수': 'time_t'에서 'unsigned int'(으)로 변환하면서 데이터가 손실될 수 있습니다.
  GameScene3.cpp
C:\Users\GimGimGim\Desktop\Git\ActionShootingGame\ActionShootingGame\GameScene3.cpp(8,12): warning C4244: '인수': 'time_t'에서 'unsigned int'(으)로 변환하면서 데이터가 손실될 수 있습니다.
  GatlingGull.cpp
  GlowShader.cpp
C:\Users\GimGimGim\Desktop\Git\ActionShootingGame\ActionShootingGame\GlowShader.cpp(36,43): warning C4838: 'const UINT'에서 'float'(으)로의 변환에는 축소 변환이 필요합니다.
C:\Users\GimGimGim\Desktop\Git\ActionShootingGame\ActionShootingGame\GlowShader.cpp(36,43): warning C4244: '초기화 중': 'const UINT'에서 'float'(으)로 변환하면서 데이터가 손실될 수 있습니다.
C:\Users\GimGimGim\Desktop\Git\ActionShootingGame\ActionShootingGame\GlowShader.cpp(36,64): warning C4838: 'const UINT'에서 'float'(으)로의 변환에는 축소 변환이 필요합니다.
C:\Users\GimGimGim\Desktop\Git\ActionShootingGame\ActionShootingGame\GlowShader.cpp(36,64): warning C4244: '초기화 중': 'const UINT'에서 'float'(으)로 변환하면서 데이터가 손실될 수 있습니다.
  HandGun.cpp
C:\Users\GimGimGim\Desktop\Git\ActionShootingGame\ActionShootingGame\HandGun.cpp(11,28): warning C4100: 'deltaTime': 참조되지 않은 정식 매개 변수입니다.
  Input.cpp
  Item.cpp
C:\Users\GimGimGim\Desktop\Git\ActionShootingGame\ActionShootingGame\Item.cpp(14,25): warning C4100: 'deltaTime': 참조되지 않은 정식 매개 변수입니다.
  LevelUpEvent.cpp
C:\Users\GimGimGim\Desktop\Git\ActionShootingGame\ActionShootingGame\LevelUpEvent.cpp(30,33): warning C4100: 'deltaTime': 참조되지 않은 정식 매개 변수입니다.
  MapManager.cpp
C:\Users\GimGimGim\Desktop\Git\ActionShootingGame\ActionShootingGame\MapManager.cpp(27,31): warning C4100: 'deltaTime': 참조되지 않은 정식 매개 변수입니다.
C:\Users\GimGimGim\Desktop\Git\ActionShootingGame\ActionShootingGame\MapManager.cpp(55,60): warning C4244: '인수': 'int'에서 'FLOAT'(으)로 변환하면서 데이터가 손실될 수 있습니다.
C:\Users\GimGimGim\Desktop\Git\ActionShootingGame\ActionShootingGame\MapManager.cpp(55,52): warning C4244: '인수': 'int'에서 'FLOAT'(으)로 변환하면서 데이터가 손실될 수 있습니다.
C:\Users\GimGimGim\Desktop\Git\ActionShootingGame\ActionShootingGame\MapManager.cpp(78,60): warning C4244: '인수': 'int'에서 'FLOAT'(으)로 변환하면서 데이터가 손실될 수 있습니다.
C:\Users\GimGimGim\Desktop\Git\ActionShootingGame\ActionShootingGame\MapManager.cpp(78,52): warning C4244: '인수': 'int'에서 'FLOAT'(으)로 변환하면서 데이터가 손실될 수 있습니다.
C:\Users\GimGimGim\Desktop\Git\ActionShootingGame\ActionShootingGame\MapManager.cpp(110,81): warning C4244: '인수': 'int'에서 'FLOAT'(으)로 변환하면서 데이터가 손실될 수 있습니다.
C:\Users\GimGimGim\Desktop\Git\ActionShootingGame\ActionShootingGame\MapManager.cpp(110,73): warning C4244: '인수': 'int'에서 'FLOAT'(으)로 변환하면서 데이터가 손실될 수 있습니다.
C:\Users\GimGimGim\Desktop\Git\ActionShootingGame\ActionShootingGame\MapManager.cpp(113,68): warning C4244: '인수': 'int'에서 'FLOAT'(으)로 변환하면서 데이터가 손실될 수 있습니다.
C:\Users\GimGimGim\Desktop\Git\ActionShootingGame\ActionShootingGame\MapManager.cpp(113,60): warning C4244: '인수': 'int'에서 'FLOAT'(으)로 변환하면서 데이터가 손실될 수 있습니다.
C:\Users\GimGimGim\Desktop\Git\ActionShootingGame\ActionShootingGame\MapManager.cpp(116,68): warning C4244: '인수': 'int'에서 'FLOAT'(으)로 변환하면서 데이터가 손실될 수 있습니다.
C:\Users\GimGimGim\Desktop\Git\ActionShootingGame\ActionShootingGame\MapManager.cpp(116,60): warning C4244: '인수': 'int'에서 'FLOAT'(으)로 변환하면서 데이터가 손실될 수 있습니다.
C:\Users\GimGimGim\Desktop\Git\ActionShootingGame\ActionShootingGame\MapManager.cpp(119,68): warning C4244: '인수': 'int'에서 'FLOAT'(으)로 변환하면서 데이터가 손실될 수 있습니다.
C:\Users\GimGimGim\Desktop\Git\ActionShootingGame\ActionShootingGame\MapManager.cpp(119,60): warning C4244: '인수': 'int'에서 'FLOAT'(으)로 변환하면서 데이터가 손실될 수 있습니다.
C:\Users\GimGimGim\Desktop\Git\ActionShootingGame\ActionShootingGame\MapManager.cpp(122,68): warning C4244: '인수': 'int'에서 'FLOAT'(으)로 변환하면서 데이터가 손실될 수 있습니다.
C:\Users\GimGimGim\Desktop\Git\ActionShootingGame\ActionShootingGame\MapManager.cpp(122,60): warning C4244: '인수': 'int'에서 'FLOAT'(으)로 변환하면서 데이터가 손실될 수 있습니다.
  MapToolBlock.cpp
C:\Users\GimGimGim\Desktop\Git\ActionShootingGame\ActionShootingGame\MapToolBlock.cpp(20,33): warning C4100: 'deltaTime': 참조되지 않은 정식 매개 변수입니다.
  MapToolMouse.cpp
C:\Users\GimGimGim\Desktop\Git\ActionShootingGame\ActionShootingGame\MapToolMouse.cpp(90,8): warning C4244: '초기화 중': 'FLOAT'에서 'int'(으)로 변환하면서 데이터가 손실될 수 있습니다.
C:\Users\GimGimGim\Desktop\Git\ActionShootingGame\ActionShootingGame\MapToolMouse.cpp(91,8): warning C4244: '초기화 중': 'FLOAT'에서 'int'(으)로 변환하면서 데이터가 손실될 수 있습니다.
C:\Program Files (x86)\Microsoft Visual Studio\2019\Community\VC\Tools\MSVC\14.29.30037\include\xstring(2575,23): warning C4244: '인수': 'wchar_t'에서 'const _Elem'(으)로 변환하면서 데이터가 손실될 수 있습니다.
          with
          [
              _Elem=char
          ]
C:\Program Files (x86)\Microsoft Visual Studio\2019\Community\VC\Tools\MSVC\14.29.30037\include\xstring(2586): message : 컴파일되는 함수 템플릿 인스턴스화 'void std::basic_string<char,std::char_traits<char>,std::allocator<char>>::_Construct<_InIt>(_Iter,const _Iter,std::input_iterator_tag)'에 대한 참조를 확인하세요.
          with
          [
              _InIt=wchar_t *,
              _Iter=wchar_t *
          ]
C:\Program Files (x86)\Microsoft Visual Studio\2019\Community\VC\Tools\MSVC\14.29.30037\include\xstring(2586): message : 컴파일되는 함수 템플릿 인스턴스화 'void std::basic_string<char,std::char_traits<char>,std::allocator<char>>::_Construct<_InIt>(_Iter,const _Iter,std::input_iterator_tag)'에 대한 참조를 확인하세요.
          with
          [
              _InIt=wchar_t *,
              _Iter=wchar_t *
          ]
C:\Program Files (x86)\Microsoft Visual Studio\2019\Community\VC\Tools\MSVC\14.29.30037\include\xstring(2566): message : 컴파일되는 함수 템플릿 인스턴스화 'void std::basic_string<char,std::char_traits<char>,std::allocator<char>>::_Construct<_InIt>(const _Iter,const _Iter,std::forward_iterator_tag)'에 대한 참조를 확인하세요.
          with
          [
              _InIt=wchar_t *,
              _Iter=wchar_t *
          ]
C:\Program Files (x86)\Microsoft Visual Studio\2019\Community\VC\Tools\MSVC\14.29.30037\include\xstring(2566): message : 컴파일되는 함수 템플릿 인스턴스화 'void std::basic_string<char,std::char_traits<char>,std::allocator<char>>::_Construct<_InIt>(const _Iter,const _Iter,std::forward_iterator_tag)'에 대한 참조를 확인하세요.
          with
          [
              _InIt=wchar_t *,
              _Iter=wchar_t *
          ]
C:\Program Files (x86)\Microsoft Visual Studio\2019\Community\VC\Tools\MSVC\14.29.30037\include\xstring(3294): message : 컴파일되는 함수 템플릿 인스턴스화 'std::basic_string<char,std::char_traits<char>,std::allocator<char>>::basic_string<wchar_t*,0>(_Iter,_Iter,const _Alloc &)'에 대한 참조를 확인하세요.
          with
          [
              _Iter=wchar_t *,
              _Alloc=std::allocator<char>
          ]
C:\Program Files (x86)\Microsoft Visual Studio\2019\Community\VC\Tools\MSVC\14.29.30037\include\xstring(3294): message : 컴파일되는 함수 템플릿 인스턴스화 'std::basic_string<char,std::char_traits<char>,std::allocator<char>>::basic_string<wchar_t*,0>(_Iter,_Iter,const _Alloc &)'에 대한 참조를 확인하세요.
          with
          [
              _Iter=wchar_t *,
              _Alloc=std::allocator<char>
          ]
C:\Users\GimGimGim\Desktop\Git\ActionShootingGame\ActionShootingGame\MapToolMouse.cpp(112): message : 컴파일되는 함수 템플릿 인스턴스화 'std::basic_string<char,std::char_traits<char>,std::allocator<char>> &std::basic_string<char,std::char_traits<char>,std::allocator<char>>::assign<std::_String_iterator<std::_String_val<std::_Simple_types<_Elem>>>,0>(const _Iter,const _Iter)'에 대한 참조를 확인하세요.
          with
          [
              _Elem=wchar_t,
              _Iter=std::_String_iterator<std::_String_val<std::_Simple_types<wchar_t>>>
          ]
C:\Users\GimGimGim\Desktop\Git\ActionShootingGame\ActionShootingGame\MapToolMouse.cpp(112): message : 컴파일되는 함수 템플릿 인스턴스화 'std::basic_string<char,std::char_traits<char>,std::allocator<char>> &std::basic_string<char,std::char_traits<char>,std::allocator<char>>::assign<std::_String_iterator<std::_String_val<std::_Simple_types<_Elem>>>,0>(const _Iter,const _Iter)'에 대한 참조를 확인하세요.
          with
          [
              _Elem=wchar_t,
              _Iter=std::_String_iterator<std::_String_val<std::_Simple_types<wchar_t>>>
          ]
  MapToolScene.cpp
  Minimap.cpp
C:\Users\GimGimGim\Desktop\Git\ActionShootingGame\ActionShootingGame\Minimap.cpp(13,28): warning C4100: 'deltaTime': 참조되지 않은 정식 매개 변수입니다.
C:\Users\GimGimGim\Desktop\Git\ActionShootingGame\ActionShootingGame\Minimap.cpp(25,36): warning C4458: 'pos' 선언은 클래스 멤버를 숨깁니다.
C:\Users\GimGimGim\Desktop\Git\ActionShootingGame\ActionShootingGame\Object.h(9,14): message : 'Object::pos' 선언을 참조하십시오.
C:\Users\GimGimGim\Desktop\Git\ActionShootingGame\ActionShootingGame\Minimap.cpp(27,12): warning C4458: 'spr' 선언은 클래스 멤버를 숨깁니다.
C:\Users\GimGimGim\Desktop\Git\ActionShootingGame\ActionShootingGame\Minimap.h(17,9): message : 'Minimap::spr' 선언을 참조하십시오.
C:\Users\GimGimGim\Desktop\Git\ActionShootingGame\ActionShootingGame\Minimap.cpp(25,36): warning C4100: 'pos': 참조되지 않은 정식 매개 변수입니다.
  Mouse.cpp
C:\Users\GimGimGim\Desktop\Git\ActionShootingGame\ActionShootingGame\Mouse.cpp(17,26): warning C4100: 'deltaTime': 참조되지 않은 정식 매개 변수입니다.
C:\Users\GimGimGim\Desktop\Git\ActionShootingGame\ActionShootingGame\Mouse.cpp(33): warning C4238: 비표준 확장이 사용됨: 클래스 rvalue를 lvalue로 사용했습니다.
C:\Users\GimGimGim\Desktop\Git\ActionShootingGame\ActionShootingGame\Mouse.cpp(33,37): warning C4238: 비표준 확장이 사용됨: 클래스 rvalue를 lvalue로 사용했습니다.
  Object.cpp
C:\Users\GimGimGim\Desktop\Git\ActionShootingGame\ActionShootingGame\Object.cpp(59,36): warning C4100: 'coll': 참조되지 않은 정식 매개 변수입니다.
  Player.cpp
C:\Users\GimGimGim\Desktop\Git\ActionShootingGame\ActionShootingGame\Player.cpp(72,18): warning C4244: '초기화 중': 'int'에서 'float'(으)로 변환하면서 데이터가 손실될 수 있습니다.
C:\Users\GimGimGim\Desktop\Git\ActionShootingGame\ActionShootingGame\Player.cpp(142,42): warning C4458: 'moveDir' 선언은 클래스 멤버를 숨깁니다.
C:\Users\GimGimGim\Desktop\Git\ActionShootingGame\ActionShootingGame\Unit.h(31,14): message : 'Unit::moveDir' 선언을 참조하십시오.
C:\Users\GimGimGim\Desktop\Git\ActionShootingGame\ActionShootingGame\Player.cpp(146,8): warning C4244: '초기화 중': 'FLOAT'에서 'int'(으)로 변환하면서 데이터가 손실될 수 있습니다.
C:\Users\GimGimGim\Desktop\Git\ActionShootingGame\ActionShootingGame\Player.cpp(147,8): warning C4244: '초기화 중': 'FLOAT'에서 'int'(으)로 변환하면서 데이터가 손실될 수 있습니다.
C:\Users\GimGimGim\Desktop\Git\ActionShootingGame\ActionShootingGame\Player.cpp(271,28): warning C4458: 'exp' 선언은 클래스 멤버를 숨깁니다.
C:\Users\GimGimGim\Desktop\Git\ActionShootingGame\ActionShootingGame\Player.h(42,8): message : 'Player::exp' 선언을 참조하십시오.
  PlayerState.cpp
C:\Users\GimGimGim\Desktop\Git\ActionShootingGame\ActionShootingGame\PlayerState.cpp(29,36): warning C4100: 'obj': 참조되지 않은 정식 매개 변수입니다.
C:\Users\GimGimGim\Desktop\Git\ActionShootingGame\ActionShootingGame\PlayerState.cpp(71,36): warning C4100: 'obj': 참조되지 않은 정식 매개 변수입니다.
C:\Users\GimGimGim\Desktop\Git\ActionShootingGame\ActionShootingGame\PlayerState.cpp(98,54): warning C4100: 'deltaTime': 참조되지 않은 정식 매개 변수입니다.
  컴파일하고 있습니다...
  PlayerUI.cpp
C:\Users\GimGimGim\Desktop\Git\ActionShootingGame\ActionShootingGame\PlayerUI.cpp(71,42): warning C4244: '인수': 'int'에서 'FLOAT'(으)로 변환하면서 데이터가 손실될 수 있습니다.
C:\Users\GimGimGim\Desktop\Git\ActionShootingGame\ActionShootingGame\PlayerUI.cpp(90,51): warning C4244: '인수': 'int'에서 'FLOAT'(으)로 변환하면서 데이터가 손실될 수 있습니다.
  PoisonBullet.cpp
  Scene.cpp
C:\Users\GimGimGim\Desktop\Git\ActionShootingGame\ActionShootingGame\Scene.cpp(68,28): warning C4458: 'score' 선언은 클래스 멤버를 숨깁니다.
C:\Users\GimGimGim\Desktop\Git\ActionShootingGame\ActionShootingGame\Scene.h(6,15): message : 'Scene::score' 선언을 참조하십시오.
  ShaderManager.cpp
  ShotGun.cpp
C:\Users\GimGimGim\Desktop\Git\ActionShootingGame\ActionShootingGame\ShotGun.cpp(11,28): warning C4100: 'deltaTime': 참조되지 않은 정식 매개 변수입니다.
  Shotgat.cpp
C:\Users\GimGimGim\Desktop\Git\ActionShootingGame\ActionShootingGame\Shotgat.cpp(43,33): warning C4100: 'deltaTime': 참조되지 않은 정식 매개 변수입니다.
C:\Users\GimGimGim\Desktop\Git\ActionShootingGame\ActionShootingGame\Shotgat.cpp(62,11): warning C4553: '==': 식의 결과가 사용되지 않습니다. '='을(를) 의도했습니까?
C:\Users\GimGimGim\Desktop\Git\ActionShootingGame\ActionShootingGame\Shotgat.cpp(67,35): warning C4244: '인수': 'int'에서 'float'(으)로 변환하면서 데이터가 손실될 수 있습니다.
  ShotgatBullet.cpp
C:\Users\GimGimGim\Desktop\Git\ActionShootingGame\ActionShootingGame\ShotgatBullet.cpp(24,43): warning C4100: 'coli': 참조되지 않은 정식 매개 변수입니다.
  ShotgunKin.cpp
  Sprite.cpp
C:\Users\GimGimGim\Desktop\Git\ActionShootingGame\ActionShootingGame\Sprite.cpp(11,51): warning C4458: 'aniMaxTime' 선언은 클래스 멤버를 숨깁니다.
C:\Users\GimGimGim\Desktop\Git\ActionShootingGame\ActionShootingGame\Sprite.h(17,8): message : 'Sprite::aniMaxTime' 선언을 참조하십시오.
C:\Users\GimGimGim\Desktop\Git\ActionShootingGame\ActionShootingGame\Sprite.cpp(11,68): warning C4458: 'bAniLoop' 선언은 클래스 멤버를 숨깁니다.
C:\Users\GimGimGim\Desktop\Git\ActionShootingGame\ActionShootingGame\Sprite.h(20,7): message : 'Sprite::bAniLoop' 선언을 참조하십시오.
C:\Users\GimGimGim\Desktop\Git\ActionShootingGame\ActionShootingGame\Sprite.cpp(85): warning C4238: 비표준 확장이 사용됨: 클래스 rvalue를 lvalue로 사용했습니다.
C:\Users\GimGimGim\Desktop\Git\ActionShootingGame\ActionShootingGame\Sprite.cpp(85,114): warning C4238: 비표준 확장이 사용됨: 클래스 rvalue를 lvalue로 사용했습니다.
C:\Users\GimGimGim\Desktop\Git\ActionShootingGame\ActionShootingGame\Sprite.cpp(88,84): warning C4238: 비표준 확장이 사용됨: 클래스 rvalue를 lvalue로 사용했습니다.
  SubMachineGun.cpp
  TestPixel.cpp
C:\Users\GimGimGim\Desktop\Git\ActionShootingGame\ActionShootingGame\TestPixel.cpp(13,30): warning C4100: 'deltaTime': 참조되지 않은 정식 매개 변수입니다.
  Texture.cpp
  TutorialScroll.cpp
  Unit.cpp
C:\Users\GimGimGim\Desktop\Git\ActionShootingGame\ActionShootingGame\Unit.cpp(24,90): warning C4458: 'holdWeapon' 선언은 클래스 멤버를 숨깁니다.
C:\Users\GimGimGim\Desktop\Git\ActionShootingGame\ActionShootingGame\Unit.h(21,7): message : 'Unit::holdWeapon' 선언을 참조하십시오.
C:\Users\GimGimGim\Desktop\Git\ActionShootingGame\ActionShootingGame\Unit.cpp(24,115): warning C4458: 'team' 선언은 클래스 멤버를 숨깁니다.
C:\Users\GimGimGim\Desktop\Git\ActionShootingGame\ActionShootingGame\Unit.h(17,15): message : 'Unit::team' 선언을 참조하십시오.
C:\Users\GimGimGim\Desktop\Git\ActionShootingGame\ActionShootingGame\Unit.cpp(58,134): warning C4244: '인수': 'UINT'에서 'FLOAT'(으)로 변환하면서 데이터가 손실될 수 있습니다.
  코드를 생성하고 있습니다.
C:\Users\GimGimGim\Desktop\Git\ActionShootingGame\ActionShootingGame\Game.cpp(77): warning C4715: 'Game::Init': 모든 제어 경로에서 값을 반환하지는 않습니다.
  24 of 2323 functions ( 1.0%) were compiled, the rest were copied from previous compilation.
    0 functions were new in current compilation
    22 functions had inline decision re-evaluated but remain unchanged
  코드를 생성했습니다.
  ActionShootingGame_2010.vcxproj -> C:\Users\GimGimGim\Desktop\Git\ActionShootingGame\ActionShootingGame\Release\ActionShootingGame.exe
